[0223/191304.475:ERROR:process_reader_win.cc(151)] SuspendThread: Access is denied. (0x5)
[0223/191304.476:ERROR:process_reader_win.cc(151)] SuspendThread: Access is denied. (0x5)
[0223/191304.476:ERROR:process_reader_win.cc(151)] SuspendThread: Access is denied. (0x5)
[0223/191304.476:ERROR:process_reader_win.cc(151)] SuspendThread: Access is denied. (0x5)
[0223/191304.476:ERROR:process_reader_win.cc(123)] NtOpenThread: {Access Denied} A process has requested access to an object, but has not been granted those access rights. (0xc0000022)
[0223/191304.477:ERROR:exception_snapshot_win.cc(98)] thread ID 9120 not found in process
[0223/191304.484:ERROR:process_reader_win.cc(123)] NtOpenThread: {Access Denied} A process has requested access to an object, but has not been granted those access rights. (0xc0000022)
[0223/191304.485:ERROR:exception_snapshot_win.cc(98)] thread ID 19700 not found in process
[0223/191304.485:ERROR:scoped_process_suspend.cc(40)] NtResumeProcess: An attempt was made to access an exiting process. (0xc000010a)
[0223/193319.857:ERROR:process_reader_win.cc(151)] SuspendThread: Access is denied. (0x5)
[0223/193319.857:ERROR:process_reader_win.cc(151)] SuspendThread: Access is denied. (0x5)
[0223/193319.857:ERROR:process_reader_win.cc(151)] SuspendThread: Access is denied. (0x5)
[0223/193319.857:ERROR:process_reader_win.cc(151)] SuspendThread: Access is denied. (0x5)
[0223/193319.857:ERROR:process_reader_win.cc(123)] NtOpenThread: {Access Denied} A process has requested access to an object, but has not been granted those access rights. (0xc0000022)
[0223/193319.857:ERROR:exception_snapshot_win.cc(98)] thread ID 17332 not found in process
[0223/193319.867:ERROR:process_reader_win.cc(151)] SuspendThread: Access is denied. (0x5)
[0223/193319.867:ERROR:process_reader_win.cc(151)] SuspendThread: Access is denied. (0x5)
[0223/193319.867:ERROR:process_reader_win.cc(123)] NtOpenThread: {Access Denied} A process has requested access to an object, but has not been granted those access rights. (0xc0000022)
[0223/193319.867:ERROR:exception_snapshot_win.cc(98)] thread ID 11388 not found in process
[0223/193319.871:ERROR:process_reader_win.cc(151)] SuspendThread: Access is denied. (0x5)
[0223/193319.871:ERROR:process_reader_win.cc(151)] SuspendThread: Access is denied. (0x5)
[0223/193319.871:ERROR:process_reader_win.cc(151)] SuspendThread: Access is denied. (0x5)
[0223/193319.871:ERROR:process_reader_win.cc(151)] SuspendThread: Access is denied. (0x5)
[0223/193319.871:ERROR:process_reader_win.cc(123)] NtOpenThread: {Access Denied} A process has requested access to an object, but has not been granted those access rights. (0xc0000022)
[0223/193319.871:ERROR:exception_snapshot_win.cc(98)] thread ID 20252 not found in process
[0223/193319.857:ERROR:process_reader_win.cc(151)] SuspendThread: Access is denied. (0x5)
[0223/193319.872:ERROR:process_reader_win.cc(151)] SuspendThread: Access is denied. (0x5)
[0223/193319.872:ERROR:process_reader_win.cc(151)] SuspendThread: Access is denied. (0x5)
[0223/193319.872:ERROR:process_reader_win.cc(151)] SuspendThread: Access is denied. (0x5)
[0223/193319.872:ERROR:process_reader_win.cc(151)] SuspendThread: Access is denied. (0x5)
[0223/193319.872:ERROR:process_reader_win.cc(123)] NtOpenThread: {Access Denied} A process has requested access to an object, but has not been granted those access rights. (0xc0000022)
[0223/193319.872:ERROR:exception_snapshot_win.cc(98)] thread ID 12840 not found in process
[0223/193319.874:ERROR:process_reader_win.cc(151)] SuspendThread: Access is denied. (0x5)
[0223/193319.874:ERROR:process_reader_win.cc(151)] SuspendThread: Access is denied. (0x5)
[0223/193319.874:ERROR:process_reader_win.cc(123)] NtOpenThread: {Access Denied} A process has requested access to an object, but has not been granted those access rights. (0xc0000022)
[0223/193319.874:ERROR:exception_snapshot_win.cc(98)] thread ID 1924 not found in process
[0223/193319.875:ERROR:process_reader_win.cc(151)] SuspendThread: Access is denied. (0x5)
[0223/193319.875:ERROR:process_reader_win.cc(151)] SuspendThread: Access is denied. (0x5)
[0223/193319.876:ERROR:process_reader_win.cc(151)] SuspendThread: Access is denied. (0x5)
[0223/193319.876:ERROR:process_reader_win.cc(151)] SuspendThread: Access is denied. (0x5)
[0223/193319.876:ERROR:process_reader_win.cc(123)] NtOpenThread: {Access Denied} A process has requested access to an object, but has not been granted those access rights. (0xc0000022)
[0223/193319.876:ERROR:exception_snapshot_win.cc(98)] thread ID 21152 not found in process
[0223/193319.882:ERROR:process_reader_win.cc(123)] NtOpenThread: {Access Denied} A process has requested access to an object, but has not been granted those access rights. (0xc0000022)
[0223/193319.882:ERROR:exception_snapshot_win.cc(98)] thread ID 15692 not found in process
[0223/193319.884:ERROR:process_reader_win.cc(123)] NtOpenThread: {Access Denied} A process has requested access to an object, but has not been granted those access rights. (0xc0000022)
[0223/193319.884:ERROR:exception_snapshot_win.cc(98)] thread ID 3672 not found in process
[0223/194102.096:ERROR:process_reader_win.cc(151)] SuspendThread: Access is denied. (0x5)
[0223/194102.096:ERROR:process_reader_win.cc(151)] SuspendThread: Access is denied. (0x5)
[0223/194102.097:ERROR:process_reader_win.cc(151)] SuspendThread: Access is denied. (0x5)
[0223/194102.097:ERROR:process_reader_win.cc(151)] SuspendThread: Access is denied. (0x5)
[0223/194102.097:ERROR:process_reader_win.cc(151)] SuspendThread: Access is denied. (0x5)
[0223/194102.097:ERROR:process_reader_win.cc(151)] SuspendThread: Access is denied. (0x5)
[0223/194102.097:ERROR:process_reader_win.cc(151)] SuspendThread: Access is denied. (0x5)
[0223/194102.097:ERROR:process_reader_win.cc(151)] SuspendThread: Access is denied. (0x5)
[0223/194102.097:ERROR:process_reader_win.cc(151)] SuspendThread: Access is denied. (0x5)
[0223/194102.097:ERROR:process_reader_win.cc(151)] SuspendThread: Access is denied. (0x5)
[0223/194102.097:ERROR:process_reader_win.cc(151)] SuspendThread: Access is denied. (0x5)
[0223/194102.097:ERROR:process_reader_win.cc(151)] SuspendThread: Access is denied. (0x5)
[0223/194102.097:ERROR:process_reader_win.cc(151)] SuspendThread: Access is denied. (0x5)
[0223/194102.097:ERROR:process_reader_win.cc(151)] SuspendThread: Access is denied. (0x5)
[0223/194102.097:ERROR:process_reader_win.cc(151)] SuspendThread: Access is denied. (0x5)
[0223/194102.097:ERROR:process_reader_win.cc(151)] SuspendThread: Access is denied. (0x5)
[0223/194102.097:ERROR:process_reader_win.cc(151)] SuspendThread: Access is denied. (0x5)
[0223/194102.097:ERROR:process_reader_win.cc(151)] SuspendThread: Access is denied. (0x5)
[0223/194102.097:ERROR:process_reader_win.cc(151)] SuspendThread: Access is denied. (0x5)
[0223/194102.097:ERROR:process_reader_win.cc(151)] SuspendThread: Access is denied. (0x5)
[0223/194102.097:ERROR:process_reader_win.cc(151)] SuspendThread: Access is denied. (0x5)
[0223/194102.097:ERROR:process_reader_win.cc(151)] SuspendThread: Access is denied. (0x5)
[0223/194102.097:ERROR:process_reader_win.cc(151)] SuspendThread: Access is denied. (0x5)
[0223/194102.097:ERROR:process_reader_win.cc(123)] NtOpenThread: {Access Denied} A process has requested access to an object, but has not been granted those access rights. (0xc0000022)
[0223/194102.097:ERROR:process_reader_win.cc(151)] SuspendThread: Access is denied. (0x5)
[0223/194102.097:ERROR:process_reader_win.cc(151)] SuspendThread: Access is denied. (0x5)
[0223/194102.097:ERROR:exception_snapshot_win.cc(98)] thread ID 19724 not found in process
[0223/194102.097:ERROR:process_reader_win.cc(151)] SuspendThread: Access is denied. (0x5)
[0223/194102.097:ERROR:process_reader_win.cc(151)] SuspendThread: Access is denied. (0x5)
[0223/194102.097:ERROR:process_reader_win.cc(151)] SuspendThread: Access is denied. (0x5)
[0223/194102.097:ERROR:process_reader_win.cc(151)] SuspendThread: Access is denied. (0x5)
[0223/194102.097:ERROR:process_reader_win.cc(151)] SuspendThread: Access is denied. (0x5)
[0223/194102.097:ERROR:process_reader_win.cc(151)] SuspendThread: Access is denied. (0x5)
[0223/194102.097:ERROR:process_reader_win.cc(151)] SuspendThread: Access is denied. (0x5)
[0223/194102.097:ERROR:process_reader_win.cc(151)] SuspendThread: Access is denied. (0x5)
[0223/194102.097:ERROR:process_reader_win.cc(151)] SuspendThread: Access is denied. (0x5)
[0223/194102.097:ERROR:process_reader_win.cc(123)] NtOpenThread: {Access Denied} A process has requested access to an object, but has not been granted those access rights. (0xc0000022)
[0223/194102.097:ERROR:exception_snapshot_win.cc(98)] thread ID 16380 not found in process
[0223/194102.107:ERROR:process_reader_win.cc(151)] SuspendThread: Access is denied. (0x5)
[0223/194102.107:ERROR:process_reader_win.cc(151)] SuspendThread: Access is denied. (0x5)
[0223/194102.107:ERROR:process_reader_win.cc(151)] SuspendThread: Access is denied. (0x5)
[0223/194102.107:ERROR:process_reader_win.cc(151)] SuspendThread: Access is denied. (0x5)
[0223/194102.107:ERROR:process_reader_win.cc(123)] NtOpenThread: {Access Denied} A process has requested access to an object, but has not been granted those access rights. (0xc0000022)
[0223/194102.107:ERROR:process_reader_win.cc(123)] NtOpenThread: {Access Denied} A process has requested access to an object, but has not been granted those access rights. (0xc0000022)
[0223/194102.107:ERROR:exception_snapshot_win.cc(98)] thread ID 7308 not found in process
[0223/194102.107:ERROR:exception_snapshot_win.cc(98)] thread ID 18748 not found in process
[0223/194102.096:ERROR:process_reader_win.cc(151)] SuspendThread: Access is denied. (0x5)
[0223/194102.109:ERROR:process_reader_win.cc(151)] SuspendThread: Access is denied. (0x5)
[0223/194102.109:ERROR:process_reader_win.cc(151)] SuspendThread: Access is denied. (0x5)
[0223/194102.109:ERROR:process_reader_win.cc(151)] SuspendThread: Access is denied. (0x5)
[0223/194102.109:ERROR:process_reader_win.cc(123)] NtOpenThread: {Access Denied} A process has requested access to an object, but has not been granted those access rights. (0xc0000022)
[0223/194102.110:ERROR:exception_snapshot_win.cc(98)] thread ID 9120 not found in process
[0223/194102.111:ERROR:process_reader_win.cc(151)] SuspendThread: Access is denied. (0x5)
[0223/194102.111:ERROR:process_reader_win.cc(151)] SuspendThread: Access is denied. (0x5)
[0223/194102.111:ERROR:process_reader_win.cc(123)] NtOpenThread: {Access Denied} A process has requested access to an object, but has not been granted those access rights. (0xc0000022)
[0223/194102.111:ERROR:exception_snapshot_win.cc(98)] thread ID 12040 not found in process
[0223/194102.113:ERROR:process_reader_win.cc(151)] SuspendThread: Access is denied. (0x5)
[0223/194102.114:ERROR:process_reader_win.cc(151)] SuspendThread: Access is denied. (0x5)
[0223/194102.114:ERROR:process_reader_win.cc(151)] SuspendThread: Access is denied. (0x5)
[0223/194102.114:ERROR:process_reader_win.cc(151)] SuspendThread: Access is denied. (0x5)
[0223/194102.114:ERROR:process_reader_win.cc(123)] NtOpenThread: {Access Denied} A process has requested access to an object, but has not been granted those access rights. (0xc0000022)
[0223/194102.114:ERROR:exception_snapshot_win.cc(98)] thread ID 21912 not found in process
[0223/194102.118:ERROR:process_reader_win.cc(123)] NtOpenThread: {Access Denied} A process has requested access to an object, but has not been granted those access rights. (0xc0000022)
[0223/194102.118:ERROR:exception_snapshot_win.cc(98)] thread ID 16276 not found in process
[0223/194102.121:ERROR:process_reader_win.cc(151)] SuspendThread: Access is denied. (0x5)
[0223/194102.121:ERROR:process_reader_win.cc(123)] NtOpenThread: {Access Denied} A process has requested access to an object, but has not been granted those access rights. (0xc0000022)
[0223/194102.121:ERROR:exception_snapshot_win.cc(98)] thread ID 5676 not found in process
[0223/195642.996:ERROR:process_reader_win.cc(151)] SuspendThread: Access is denied. (0x5)
[0223/195642.997:ERROR:process_reader_win.cc(151)] SuspendThread: Access is denied. (0x5)
[0223/195642.997:ERROR:process_reader_win.cc(151)] SuspendThread: Access is denied. (0x5)
[0223/195642.997:ERROR:process_reader_win.cc(151)] SuspendThread: Access is denied. (0x5)
[0223/195642.997:ERROR:process_reader_win.cc(151)] SuspendThread: Access is denied. (0x5)
[0223/195642.997:ERROR:process_reader_win.cc(151)] SuspendThread: Access is denied. (0x5)
[0223/195642.997:ERROR:process_reader_win.cc(151)] SuspendThread: Access is denied. (0x5)
[0223/195642.997:ERROR:process_reader_win.cc(151)] SuspendThread: Access is denied. (0x5)
[0223/195642.997:ERROR:process_reader_win.cc(151)] SuspendThread: Access is denied. (0x5)
[0223/195642.997:ERROR:process_reader_win.cc(151)] SuspendThread: Access is denied. (0x5)
[0223/195642.997:ERROR:process_reader_win.cc(151)] SuspendThread: Access is denied. (0x5)
[0223/195642.997:ERROR:process_reader_win.cc(151)] SuspendThread: Access is denied. (0x5)
[0223/195642.997:ERROR:process_reader_win.cc(151)] SuspendThread: Access is denied. (0x5)
[0223/195642.997:ERROR:process_reader_win.cc(151)] SuspendThread: Access is denied. (0x5)
[0223/195642.997:ERROR:process_reader_win.cc(151)] SuspendThread: Access is denied. (0x5)
[0223/195642.997:ERROR:process_reader_win.cc(151)] SuspendThread: Access is denied. (0x5)
[0223/195642.997:ERROR:process_reader_win.cc(151)] SuspendThread: Access is denied. (0x5)
[0223/195642.997:ERROR:process_reader_win.cc(151)] SuspendThread: Access is denied. (0x5)
[0223/195642.997:ERROR:process_reader_win.cc(151)] SuspendThread: Access is denied. (0x5)
[0223/195642.997:ERROR:process_reader_win.cc(151)] SuspendThread: Access is denied. (0x5)
[0223/195642.997:ERROR:process_reader_win.cc(151)] SuspendThread: Access is denied. (0x5)
[0223/195642.997:ERROR:process_reader_win.cc(151)] SuspendThread: Access is denied. (0x5)
[0223/195642.997:ERROR:process_reader_win.cc(151)] SuspendThread: Access is denied. (0x5)
[0223/195642.997:ERROR:process_reader_win.cc(151)] SuspendThread: Access is denied. (0x5)
[0223/195642.997:ERROR:process_reader_win.cc(151)] SuspendThread: Access is denied. (0x5)
[0223/195642.997:ERROR:process_reader_win.cc(123)] NtOpenThread: {Access Denied} A process has requested access to an object, but has not been granted those access rights. (0xc0000022)
[0223/195642.998:ERROR:exception_snapshot_win.cc(98)] thread ID 21060 not found in process
[0223/195642.997:ERROR:process_reader_win.cc(151)] SuspendThread: Access is denied. (0x5)
[0223/195642.998:ERROR:process_reader_win.cc(151)] SuspendThread: Access is denied. (0x5)
[0223/195642.998:ERROR:process_reader_win.cc(151)] SuspendThread: Access is denied. (0x5)
[0223/195642.998:ERROR:process_reader_win.cc(151)] SuspendThread: Access is denied. (0x5)
[0223/195642.998:ERROR:process_reader_win.cc(151)] SuspendThread: Access is denied. (0x5)
[0223/195642.998:ERROR:process_reader_win.cc(151)] SuspendThread: Access is denied. (0x5)
[0223/195642.999:ERROR:process_reader_win.cc(151)] SuspendThread: Access is denied. (0x5)
[0223/195642.999:ERROR:process_reader_win.cc(151)] SuspendThread: Access is denied. (0x5)
[0223/195642.999:ERROR:process_reader_win.cc(151)] SuspendThread: Access is denied. (0x5)
[0223/195642.999:ERROR:process_reader_win.cc(151)] SuspendThread: Access is denied. (0x5)
[0223/195642.999:ERROR:process_reader_win.cc(151)] SuspendThread: Access is denied. (0x5)
[0223/195642.999:ERROR:process_reader_win.cc(151)] SuspendThread: Access is denied. (0x5)
[0223/195642.999:ERROR:process_reader_win.cc(151)] SuspendThread: Access is denied. (0x5)
[0223/195642.999:ERROR:process_reader_win.cc(151)] SuspendThread: Access is denied. (0x5)
[0223/195642.999:ERROR:process_reader_win.cc(151)] SuspendThread: Access is denied. (0x5)
[0223/195642.999:ERROR:process_reader_win.cc(151)] SuspendThread: Access is denied. (0x5)
[0223/195642.999:ERROR:process_reader_win.cc(151)] SuspendThread: Access is denied. (0x5)
[0223/195642.999:ERROR:process_reader_win.cc(151)] SuspendThread: Access is denied. (0x5)
[0223/195642.999:ERROR:process_reader_win.cc(151)] SuspendThread: Access is denied. (0x5)
[0223/195642.999:ERROR:process_reader_win.cc(151)] SuspendThread: Access is denied. (0x5)
[0223/195642.999:ERROR:process_reader_win.cc(151)] SuspendThread: Access is denied. (0x5)
[0223/195642.999:ERROR:process_reader_win.cc(151)] SuspendThread: Access is denied. (0x5)
[0223/195642.999:ERROR:process_reader_win.cc(151)] SuspendThread: Access is denied. (0x5)
[0223/195642.999:ERROR:process_reader_win.cc(151)] SuspendThread: Access is denied. (0x5)
[0223/195642.999:ERROR:process_reader_win.cc(151)] SuspendThread: Access is denied. (0x5)
[0223/195642.999:ERROR:process_reader_win.cc(151)] SuspendThread: Access is denied. (0x5)
[0223/195642.999:ERROR:process_reader_win.cc(151)] SuspendThread: Access is denied. (0x5)
[0223/195642.999:ERROR:process_reader_win.cc(151)] SuspendThread: Access is denied. (0x5)
[0223/195642.999:ERROR:process_reader_win.cc(151)] SuspendThread: Access is denied. (0x5)
[0223/195642.999:ERROR:process_reader_win.cc(151)] SuspendThread: Access is denied. (0x5)
[0223/195642.999:ERROR:process_reader_win.cc(151)] SuspendThread: Access is denied. (0x5)
[0223/195642.999:ERROR:process_reader_win.cc(123)] NtOpenThread: {Access Denied} A process has requested access to an object, but has not been granted those access rights. (0xc0000022)
[0223/195643.000:ERROR:exception_snapshot_win.cc(98)] thread ID 22080 not found in process
[0223/195643.002:ERROR:process_reader_win.cc(151)] SuspendThread: Access is denied. (0x5)
[0223/195643.003:ERROR:process_reader_win.cc(151)] SuspendThread: Access is denied. (0x5)
[0223/195643.003:ERROR:process_reader_win.cc(151)] SuspendThread: Access is denied. (0x5)
[0223/195643.003:ERROR:process_reader_win.cc(151)] SuspendThread: Access is denied. (0x5)
[0223/195643.003:ERROR:process_reader_win.cc(151)] SuspendThread: Access is denied. (0x5)
[0223/195643.003:ERROR:process_reader_win.cc(151)] SuspendThread: Access is denied. (0x5)
[0223/195643.003:ERROR:process_reader_win.cc(151)] SuspendThread: Access is denied. (0x5)
[0223/195643.003:ERROR:process_reader_win.cc(151)] SuspendThread: Access is denied. (0x5)
[0223/195643.003:ERROR:process_reader_win.cc(151)] SuspendThread: Access is denied. (0x5)
[0223/195643.003:ERROR:process_reader_win.cc(151)] SuspendThread: Access is denied. (0x5)
[0223/195643.003:ERROR:process_reader_win.cc(151)] SuspendThread: Access is denied. (0x5)
[0223/195643.003:ERROR:process_reader_win.cc(151)] SuspendThread: Access is denied. (0x5)
[0223/195643.003:ERROR:process_reader_win.cc(151)] SuspendThread: Access is denied. (0x5)
[0223/195643.003:ERROR:process_reader_win.cc(151)] SuspendThread: Access is denied. (0x5)
[0223/195643.003:ERROR:process_reader_win.cc(151)] SuspendThread: Access is denied. (0x5)
[0223/195643.003:ERROR:process_reader_win.cc(151)] SuspendThread: Access is denied. (0x5)
[0223/195643.003:ERROR:process_reader_win.cc(151)] SuspendThread: Access is denied. (0x5)
[0223/195643.003:ERROR:process_reader_win.cc(151)] SuspendThread: Access is denied. (0x5)
[0223/195643.003:ERROR:process_reader_win.cc(151)] SuspendThread: Access is denied. (0x5)
[0223/195643.003:ERROR:process_reader_win.cc(151)] SuspendThread: Access is denied. (0x5)
[0223/195643.003:ERROR:process_reader_win.cc(151)] SuspendThread: Access is denied. (0x5)
[0223/195643.003:ERROR:process_reader_win.cc(151)] SuspendThread: Access is denied. (0x5)
[0223/195643.003:ERROR:process_reader_win.cc(151)] SuspendThread: Access is denied. (0x5)
[0223/195643.003:ERROR:process_reader_win.cc(151)] SuspendThread: Access is denied. (0x5)
[0223/195643.003:ERROR:process_reader_win.cc(123)] NtOpenThread: {Access Denied} A process has requested access to an object, but has not been granted those access rights. (0xc0000022)
[0223/195643.003:ERROR:exception_snapshot_win.cc(98)] thread ID 14828 not found in process
[0223/195643.010:ERROR:process_reader_win.cc(151)] SuspendThread: Access is denied. (0x5)
[0223/195643.010:ERROR:process_reader_win.cc(151)] SuspendThread: Access is denied. (0x5)
[0223/195643.010:ERROR:process_reader_win.cc(151)] SuspendThread: Access is denied. (0x5)
[0223/195643.010:ERROR:process_reader_win.cc(151)] SuspendThread: Access is denied. (0x5)
[0223/195643.010:ERROR:process_reader_win.cc(151)] SuspendThread: Access is denied. (0x5)
[0223/195643.010:ERROR:process_reader_win.cc(151)] SuspendThread: Access is denied. (0x5)
[0223/195643.010:ERROR:process_reader_win.cc(151)] SuspendThread: Access is denied. (0x5)
[0223/195643.010:ERROR:process_reader_win.cc(151)] SuspendThread: Access is denied. (0x5)
[0223/195643.010:ERROR:process_reader_win.cc(151)] SuspendThread: Access is denied. (0x5)
[0223/195643.010:ERROR:process_reader_win.cc(151)] SuspendThread: Access is denied. (0x5)
[0223/195643.010:ERROR:process_reader_win.cc(151)] SuspendThread: Access is denied. (0x5)
[0223/195643.010:ERROR:process_reader_win.cc(151)] SuspendThread: Access is denied. (0x5)
[0223/195643.010:ERROR:process_reader_win.cc(123)] NtOpenThread: {Access Denied} A process has requested access to an object, but has not been granted those access rights. (0xc0000022)
[0223/195643.010:ERROR:exception_snapshot_win.cc(98)] thread ID 21960 not found in process
[0223/195643.013:ERROR:process_reader_win.cc(151)] SuspendThread: Access is denied. (0x5)
[0223/195643.013:ERROR:process_reader_win.cc(151)] SuspendThread: Access is denied. (0x5)
[0223/195643.013:ERROR:process_reader_win.cc(151)] SuspendThread: Access is denied. (0x5)
[0223/195643.013:ERROR:process_reader_win.cc(151)] SuspendThread: Access is denied. (0x5)
[0223/195643.013:ERROR:process_reader_win.cc(151)] SuspendThread: Access is denied. (0x5)
[0223/195643.013:ERROR:process_reader_win.cc(151)] SuspendThread: Access is denied. (0x5)
[0223/195643.013:ERROR:process_reader_win.cc(151)] SuspendThread: Access is denied. (0x5)
[0223/195643.013:ERROR:process_reader_win.cc(151)] SuspendThread: Access is denied. (0x5)
[0223/195643.013:ERROR:process_reader_win.cc(151)] SuspendThread: Access is denied. (0x5)
[0223/195643.013:ERROR:process_reader_win.cc(151)] SuspendThread: Access is denied. (0x5)
[0223/195643.010:ERROR:process_reader_win.cc(151)] SuspendThread: Access is denied. (0x5)
[0223/195643.014:ERROR:process_reader_win.cc(151)] SuspendThread: Access is denied. (0x5)
[0223/195643.051:ERROR:process_reader_win.cc(151)] SuspendThread: Access is denied. (0x5)
[0223/195643.051:ERROR:process_reader_win.cc(123)] NtOpenThread: {Access Denied} A process has requested access to an object, but has not been granted those access rights. (0xc0000022)
[0223/195643.051:ERROR:exception_snapshot_win.cc(98)] thread ID 11460 not found in process
[0223/195643.012:ERROR:process_reader_win.cc(151)] SuspendThread: Access is denied. (0x5)
[0223/195643.030:ERROR:process_reader_win.cc(151)] SuspendThread: Access is denied. (0x5)
[0223/195643.052:ERROR:process_reader_win.cc(151)] SuspendThread: Access is denied. (0x5)
[0223/195643.052:ERROR:process_reader_win.cc(151)] SuspendThread: Access is denied. (0x5)
[0223/195643.052:ERROR:process_reader_win.cc(151)] SuspendThread: Access is denied. (0x5)
[0223/195643.052:ERROR:process_reader_win.cc(151)] SuspendThread: Access is denied. (0x5)
[0223/195643.052:ERROR:process_reader_win.cc(151)] SuspendThread: Access is denied. (0x5)
[0223/195643.052:ERROR:process_reader_win.cc(151)] SuspendThread: Access is denied. (0x5)
[0223/195643.052:ERROR:process_reader_win.cc(151)] SuspendThread: Access is denied. (0x5)
[0223/195643.052:ERROR:process_reader_win.cc(151)] SuspendThread: Access is denied. (0x5)
[0223/195643.052:ERROR:process_reader_win.cc(151)] SuspendThread: Access is denied. (0x5)
[0223/195643.052:ERROR:process_reader_win.cc(151)] SuspendThread: Access is denied. (0x5)
[0223/195643.052:ERROR:process_reader_win.cc(151)] SuspendThread: Access is denied. (0x5)
[0223/195643.052:ERROR:process_reader_win.cc(151)] SuspendThread: Access is denied. (0x5)
[0223/195643.052:ERROR:process_reader_win.cc(151)] SuspendThread: Access is denied. (0x5)
[0223/195643.052:ERROR:process_reader_win.cc(151)] SuspendThread: Access is denied. (0x5)
[0223/195643.052:ERROR:process_reader_win.cc(151)] SuspendThread: Access is denied. (0x5)
[0223/195643.052:ERROR:process_reader_win.cc(151)] SuspendThread: Access is denied. (0x5)
[0223/195643.051:ERROR:process_reader_win.cc(151)] SuspendThread: Access is denied. (0x5)
[0223/195643.047:ERROR:process_reader_win.cc(151)] SuspendThread: Access is denied. (0x5)
[0223/195643.052:ERROR:process_reader_win.cc(151)] SuspendThread: Access is denied. (0x5)
[0223/195643.051:ERROR:process_reader_win.cc(151)] SuspendThread: Access is denied. (0x5)
[0223/195643.052:ERROR:process_reader_win.cc(151)] SuspendThread: Access is denied. (0x5)
[0223/195643.052:ERROR:process_reader_win.cc(151)] SuspendThread: Access is denied. (0x5)
[0223/195643.052:ERROR:process_reader_win.cc(151)] SuspendThread: Access is denied. (0x5)
[0223/195643.052:ERROR:process_reader_win.cc(151)] SuspendThread: Access is denied. (0x5)
[0223/195643.052:ERROR:process_reader_win.cc(151)] SuspendThread: Access is denied. (0x5)
[0223/195643.052:ERROR:process_reader_win.cc(151)] SuspendThread: Access is denied. (0x5)
[0223/195643.052:ERROR:process_reader_win.cc(151)] SuspendThread: Access is denied. (0x5)
[0223/195643.052:ERROR:process_reader_win.cc(151)] SuspendThread: Access is denied. (0x5)
[0223/195643.052:ERROR:process_reader_win.cc(151)] SuspendThread: Access is denied. (0x5)
[0223/195643.052:ERROR:process_reader_win.cc(151)] SuspendThread: Access is denied. (0x5)
[0223/195643.052:ERROR:process_reader_win.cc(151)] SuspendThread: Access is denied. (0x5)
[0223/195643.052:ERROR:process_reader_win.cc(151)] SuspendThread: Access is denied. (0x5)
[0223/195643.052:ERROR:process_reader_win.cc(151)] SuspendThread: Access is denied. (0x5)
[0223/195643.052:ERROR:process_reader_win.cc(151)] SuspendThread: Access is denied. (0x5)
[0223/195643.052:ERROR:process_reader_win.cc(151)] SuspendThread: Access is denied. (0x5)
[0223/195643.052:ERROR:process_reader_win.cc(151)] SuspendThread: Access is denied. (0x5)
[0223/195643.052:ERROR:process_reader_win.cc(151)] SuspendThread: Access is denied. (0x5)
[0223/195643.052:ERROR:process_reader_win.cc(151)] SuspendThread: Access is denied. (0x5)
[0223/195643.052:ERROR:process_reader_win.cc(151)] SuspendThread: Access is denied. (0x5)
[0223/195643.052:ERROR:process_reader_win.cc(151)] SuspendThread: Access is denied. (0x5)
[0223/195643.052:ERROR:process_reader_win.cc(151)] SuspendThread: Access is denied. (0x5)
[0223/195643.052:ERROR:process_reader_win.cc(151)] SuspendThread: Access is denied. (0x5)
[0223/195643.052:ERROR:process_reader_win.cc(151)] SuspendThread: Access is denied. (0x5)
[0223/195643.052:ERROR:process_reader_win.cc(151)] SuspendThread: Access is denied. (0x5)
[0223/195643.052:ERROR:process_reader_win.cc(151)] SuspendThread: Access is denied. (0x5)
[0223/195643.052:ERROR:process_reader_win.cc(151)] SuspendThread: Access is denied. (0x5)
[0223/195643.052:ERROR:process_reader_win.cc(151)] SuspendThread: Access is denied. (0x5)
[0223/195643.052:ERROR:process_reader_win.cc(151)] SuspendThread: Access is denied. (0x5)
[0223/195643.052:ERROR:process_reader_win.cc(151)] SuspendThread: Access is denied. (0x5)
[0223/195643.052:ERROR:process_reader_win.cc(151)] SuspendThread: Access is denied. (0x5)
[0223/195643.052:ERROR:process_reader_win.cc(123)] NtOpenThread: {Access Denied} A process has requested access to an object, but has not been granted those access rights. (0xc0000022)
[0223/195643.052:ERROR:exception_snapshot_win.cc(98)] thread ID 20752 not found in process
[0223/195643.052:ERROR:process_reader_win.cc(151)] SuspendThread: Access is denied. (0x5)
[0223/195643.052:ERROR:process_reader_win.cc(123)] NtOpenThread: {Access Denied} A process has requested access to an object, but has not been granted those access rights. (0xc0000022)
[0223/195643.052:ERROR:exception_snapshot_win.cc(98)] thread ID 824 not found in process
[0223/195643.052:ERROR:process_reader_win.cc(123)] NtOpenThread: {Access Denied} A process has requested access to an object, but has not been granted those access rights. (0xc0000022)
[0223/195643.052:ERROR:exception_snapshot_win.cc(98)] thread ID 12232 not found in process
[0223/195643.052:ERROR:process_reader_win.cc(123)] NtOpenThread: {Access Denied} A process has requested access to an object, but has not been granted those access rights. (0xc0000022)
[0223/195643.052:ERROR:exception_snapshot_win.cc(98)] thread ID 13572 not found in process
[0223/195643.052:ERROR:process_reader_win.cc(151)] SuspendThread: Access is denied. (0x5)
[0223/195643.053:ERROR:process_reader_win.cc(151)] SuspendThread: Access is denied. (0x5)
[0223/195643.053:ERROR:process_reader_win.cc(123)] NtOpenThread: {Access Denied} A process has requested access to an object, but has not been granted those access rights. (0xc0000022)
[0223/195643.054:ERROR:exception_snapshot_win.cc(98)] thread ID 18584 not found in process
[0223/195643.062:ERROR:process_reader_win.cc(151)] SuspendThread: Access is denied. (0x5)
[0223/195643.062:ERROR:process_reader_win.cc(151)] SuspendThread: Access is denied. (0x5)
[0223/195643.062:ERROR:process_reader_win.cc(123)] NtOpenThread: {Access Denied} A process has requested access to an object, but has not been granted those access rights. (0xc0000022)
[0223/195643.063:ERROR:exception_snapshot_win.cc(98)] thread ID 21896 not found in process
[0223/195643.063:ERROR:process_reader_win.cc(123)] NtOpenThread: {Access Denied} A process has requested access to an object, but has not been granted those access rights. (0xc0000022)
[0223/195643.063:ERROR:exception_snapshot_win.cc(98)] thread ID 7268 not found in process
[0223/195643.063:ERROR:process_reader_win.cc(151)] SuspendThread: Access is denied. (0x5)
[0223/195643.063:ERROR:process_reader_win.cc(151)] SuspendThread: Access is denied. (0x5)
[0223/195643.063:ERROR:process_reader_win.cc(151)] SuspendThread: Access is denied. (0x5)
[0223/195643.063:ERROR:process_reader_win.cc(151)] SuspendThread: Access is denied. (0x5)
[0223/195643.063:ERROR:process_reader_win.cc(151)] SuspendThread: Access is denied. (0x5)
[0223/195643.063:ERROR:process_reader_win.cc(151)] SuspendThread: Access is denied. (0x5)
[0223/195643.063:ERROR:process_reader_win.cc(151)] SuspendThread: Access is denied. (0x5)
[0223/195643.063:ERROR:process_reader_win.cc(151)] SuspendThread: Access is denied. (0x5)
[0223/195643.063:ERROR:process_reader_win.cc(151)] SuspendThread: Access is denied. (0x5)
[0223/195643.063:ERROR:process_reader_win.cc(123)] NtOpenThread: {Access Denied} A process has requested access to an object, but has not been granted those access rights. (0xc0000022)
[0223/195643.063:ERROR:exception_snapshot_win.cc(98)] thread ID 1092 not found in process
[0223/195643.064:ERROR:process_reader_win.cc(151)] SuspendThread: Access is denied. (0x5)
[0223/195643.064:ERROR:process_reader_win.cc(123)] NtOpenThread: {Access Denied} A process has requested access to an object, but has not been granted those access rights. (0xc0000022)
[0223/195643.064:ERROR:exception_snapshot_win.cc(98)] thread ID 8624 not found in process
[0223/195643.066:ERROR:process_reader_win.cc(151)] SuspendThread: Access is denied. (0x5)
[0223/195643.066:ERROR:process_reader_win.cc(151)] SuspendThread: Access is denied. (0x5)
[0223/195643.066:ERROR:process_reader_win.cc(123)] NtOpenThread: {Access Denied} A process has requested access to an object, but has not been granted those access rights. (0xc0000022)
[0223/195643.066:ERROR:process_reader_win.cc(123)] NtOpenThread: {Access Denied} A process has requested access to an object, but has not been granted those access rights. (0xc0000022)
[0223/195643.066:ERROR:exception_snapshot_win.cc(98)] thread ID 12168 not found in process
[0223/195643.066:ERROR:exception_snapshot_win.cc(98)] thread ID 20340 not found in process
[0223/195643.072:ERROR:process_reader_win.cc(123)] NtOpenThread: {Access Denied} A process has requested access to an object, but has not been granted those access rights. (0xc0000022)
[0223/195643.072:ERROR:exception_snapshot_win.cc(98)] thread ID 7160 not found in process
[0223/195800.741:ERROR:process_reader_win.cc(123)] NtOpenThread: {Access Denied} A process has requested access to an object, but has not been granted those access rights. (0xc0000022)
[0223/195800.741:ERROR:exception_snapshot_win.cc(98)] thread ID 20940 not found in process
[0223/195800.751:ERROR:process_reader_win.cc(123)] NtOpenThread: {Access Denied} A process has requested access to an object, but has not been granted those access rights. (0xc0000022)
[0223/195800.751:ERROR:exception_snapshot_win.cc(98)] thread ID 11680 not found in process
[0223/200544.921:ERROR:process_reader_win.cc(151)] SuspendThread: Access is denied. (0x5)
[0223/200544.921:ERROR:process_reader_win.cc(151)] SuspendThread: Access is denied. (0x5)
[0223/200544.921:ERROR:process_reader_win.cc(151)] SuspendThread: Access is denied. (0x5)
[0223/200544.922:ERROR:process_reader_win.cc(151)] SuspendThread: Access is denied. (0x5)
[0223/200544.922:ERROR:process_reader_win.cc(151)] SuspendThread: Access is denied. (0x5)
[0223/200544.922:ERROR:process_reader_win.cc(151)] SuspendThread: Access is denied. (0x5)
[0223/200544.922:ERROR:process_reader_win.cc(151)] SuspendThread: Access is denied. (0x5)
[0223/200544.922:ERROR:process_reader_win.cc(151)] SuspendThread: Access is denied. (0x5)
[0223/200544.922:ERROR:process_reader_win.cc(151)] SuspendThread: Access is denied. (0x5)
[0223/200544.922:ERROR:process_reader_win.cc(151)] SuspendThread: Access is denied. (0x5)
[0223/200544.922:ERROR:process_reader_win.cc(151)] SuspendThread: Access is denied. (0x5)
[0223/200544.922:ERROR:process_reader_win.cc(151)] SuspendThread: Access is denied. (0x5)
[0223/200544.922:ERROR:process_reader_win.cc(151)] SuspendThread: Access is denied. (0x5)
[0223/200544.922:ERROR:process_reader_win.cc(151)] SuspendThread: Access is denied. (0x5)
[0223/200544.922:ERROR:process_reader_win.cc(151)] SuspendThread: Access is denied. (0x5)
[0223/200544.922:ERROR:process_reader_win.cc(151)] SuspendThread: Access is denied. (0x5)
[0223/200544.922:ERROR:process_reader_win.cc(123)] NtOpenThread: {Access Denied} A process has requested access to an object, but has not been granted those access rights. (0xc0000022)
[0223/200544.922:ERROR:exception_snapshot_win.cc(98)] thread ID 22380 not found in process
[0223/200544.922:ERROR:process_reader_win.cc(123)] NtOpenThread: {Access Denied} A process has requested access to an object, but has not been granted those access rights. (0xc0000022)
[0223/200544.922:ERROR:exception_snapshot_win.cc(98)] thread ID 13572 not found in process
[0223/200544.922:ERROR:process_reader_win.cc(123)] NtOpenThread: {Access Denied} A process has requested access to an object, but has not been granted those access rights. (0xc0000022)
[0223/200544.923:ERROR:exception_snapshot_win.cc(98)] thread ID 4596 not found in process
[0223/200544.932:ERROR:process_reader_win.cc(151)] SuspendThread: Access is denied. (0x5)
[0223/200544.932:ERROR:process_reader_win.cc(151)] SuspendThread: Access is denied. (0x5)
[0223/200544.932:ERROR:process_reader_win.cc(151)] SuspendThread: Access is denied. (0x5)
[0223/200544.932:ERROR:process_reader_win.cc(123)] NtOpenThread: {Access Denied} A process has requested access to an object, but has not been granted those access rights. (0xc0000022)
[0223/200544.932:ERROR:process_reader_win.cc(123)] NtOpenThread: {Access Denied} A process has requested access to an object, but has not been granted those access rights. (0xc0000022)
[0223/200544.932:ERROR:exception_snapshot_win.cc(98)] thread ID 11460 not found in process
[0223/200544.932:ERROR:exception_snapshot_win.cc(98)] thread ID 21760 not found in process
[0223/200544.932:ERROR:process_reader_win.cc(151)] SuspendThread: Access is denied. (0x5)
[0223/200544.932:ERROR:process_reader_win.cc(151)] SuspendThread: Access is denied. (0x5)
[0223/200544.932:ERROR:process_reader_win.cc(123)] NtOpenThread: {Access Denied} A process has requested access to an object, but has not been granted those access rights. (0xc0000022)
[0223/200544.932:ERROR:exception_snapshot_win.cc(98)] thread ID 18396 not found in process
[0223/200544.938:ERROR:process_reader_win.cc(151)] SuspendThread: Access is denied. (0x5)
[0223/200544.939:ERROR:process_reader_win.cc(151)] SuspendThread: Access is denied. (0x5)
[0223/200544.939:ERROR:process_reader_win.cc(151)] SuspendThread: Access is denied. (0x5)
[0223/200544.939:ERROR:process_reader_win.cc(123)] NtOpenThread: {Access Denied} A process has requested access to an object, but has not been granted those access rights. (0xc0000022)
[0223/200544.939:ERROR:exception_snapshot_win.cc(98)] thread ID 12032 not found in process
[0223/200544.943:ERROR:process_reader_win.cc(123)] NtOpenThread: {Access Denied} A process has requested access to an object, but has not been granted those access rights. (0xc0000022)
[0223/200544.943:ERROR:exception_snapshot_win.cc(98)] thread ID 16296 not found in process
[0223/200629.903:ERROR:process_reader_win.cc(123)] NtOpenThread: {Access Denied} A process has requested access to an object, but has not been granted those access rights. (0xc0000022)
[0223/200629.904:ERROR:exception_snapshot_win.cc(98)] thread ID 15944 not found in process
[0223/200629.907:ERROR:process_reader_win.cc(123)] NtOpenThread: {Access Denied} A process has requested access to an object, but has not been granted those access rights. (0xc0000022)
[0223/200629.907:ERROR:exception_snapshot_win.cc(98)] thread ID 17956 not found in process
[0223/200629.919:ERROR:process_reader_win.cc(123)] NtOpenThread: {Access Denied} A process has requested access to an object, but has not been granted those access rights. (0xc0000022)
[0223/200629.919:ERROR:exception_snapshot_win.cc(98)] thread ID 2572 not found in process
[0223/210241.998:ERROR:process_reader_win.cc(123)] NtOpenThread: {Access Denied} A process has requested access to an object, but has not been granted those access rights. (0xc0000022)
[0223/210242.000:ERROR:exception_snapshot_win.cc(98)] thread ID 19104 not found in process
[0223/210242.037:ERROR:process_reader_win.cc(151)] SuspendThread: Access is denied. (0x5)
[0223/210242.037:ERROR:process_reader_win.cc(151)] SuspendThread: Access is denied. (0x5)
[0223/210242.037:ERROR:process_reader_win.cc(123)] NtOpenThread: {Access Denied} A process has requested access to an object, but has not been granted those access rights. (0xc0000022)
[0223/210242.037:ERROR:exception_snapshot_win.cc(98)] thread ID 18524 not found in process
[0223/210242.058:ERROR:process_reader_win.cc(151)] SuspendThread: Access is denied. (0x5)
[0223/210242.058:ERROR:process_reader_win.cc(123)] NtOpenThread: {Access Denied} A process has requested access to an object, but has not been granted those access rights. (0xc0000022)
[0223/210242.059:ERROR:exception_snapshot_win.cc(98)] thread ID 12768 not found in process
[0223/210242.082:ERROR:process_reader_win.cc(151)] SuspendThread: Access is denied. (0x5)
[0223/210242.082:ERROR:process_reader_win.cc(151)] SuspendThread: Access is denied. (0x5)
[0223/210242.082:ERROR:process_reader_win.cc(151)] SuspendThread: Access is denied. (0x5)
[0223/210242.082:ERROR:process_reader_win.cc(123)] NtOpenThread: {Access Denied} A process has requested access to an object, but has not been granted those access rights. (0xc0000022)
[0223/210242.082:ERROR:exception_snapshot_win.cc(98)] thread ID 20364 not found in process
[0223/210242.104:ERROR:process_reader_win.cc(123)] NtOpenThread: {Access Denied} A process has requested access to an object, but has not been granted those access rights. (0xc0000022)
[0223/210242.105:ERROR:exception_snapshot_win.cc(98)] thread ID 17268 not found in process
[0223/210242.134:ERROR:process_reader_win.cc(123)] NtOpenThread: {Access Denied} A process has requested access to an object, but has not been granted those access rights. (0xc0000022)
[0223/210242.134:ERROR:exception_snapshot_win.cc(98)] thread ID 1360 not found in process
[0223/211105.227:ERROR:process_reader_win.cc(123)] NtOpenThread: {Access Denied} A process has requested access to an object, but has not been granted those access rights. (0xc0000022)
[0223/211105.228:ERROR:exception_snapshot_win.cc(98)] thread ID 20088 not found in process
[0223/211105.244:ERROR:process_reader_win.cc(123)] NtOpenThread: {Access Denied} A process has requested access to an object, but has not been granted those access rights. (0xc0000022)
[0223/211105.244:ERROR:exception_snapshot_win.cc(98)] thread ID 10976 not found in process
[0223/211706.333:ERROR:process_reader_win.cc(123)] NtOpenThread: {Access Denied} A process has requested access to an object, but has not been granted those access rights. (0xc0000022)
[0223/211706.334:ERROR:exception_snapshot_win.cc(98)] thread ID 19660 not found in process
[0223/211706.348:ERROR:process_reader_win.cc(123)] NtOpenThread: {Access Denied} A process has requested access to an object, but has not been granted those access rights. (0xc0000022)
[0223/211706.348:ERROR:exception_snapshot_win.cc(98)] thread ID 904 not found in process
[0223/211745.477:ERROR:process_reader_win.cc(123)] NtOpenThread: {Access Denied} A process has requested access to an object, but has not been granted those access rights. (0xc0000022)
[0223/211745.478:ERROR:exception_snapshot_win.cc(98)] thread ID 5960 not found in process
[0223/211745.493:ERROR:process_reader_win.cc(123)] NtOpenThread: {Access Denied} A process has requested access to an object, but has not been granted those access rights. (0xc0000022)
[0223/211745.493:ERROR:exception_snapshot_win.cc(98)] thread ID 21280 not found in process
